<?xml version="1.0" encoding="UTF-8" ?>
<testsuite tests="21" failures="0" name="test.ws.prova.test2.ProvaBuiltins1Test" time="0.801" errors="0" skipped="0">
  <properties>
    <property name="java.runtime.name" value="Java(TM) SE Runtime Environment"/>
    <property name="java.vm.version" value="9.0.4+11"/>
    <property name="sun.boot.library.path" value="/usr/lib/jvm/java-9-oracle/lib"/>
    <property name="java.vm.vendor" value="Oracle Corporation"/>
    <property name="java.vendor.url" value="http://java.oracle.com/"/>
    <property name="path.separator" value=":"/>
    <property name="java.vm.name" value="Java HotSpot(TM) 64-Bit Server VM"/>
    <property name="file.encoding.pkg" value="sun.io"/>
    <property name="sun.os.patch.level" value="unknown"/>
    <property name="user.country" value="US"/>
    <property name="sun.java.launcher" value="SUN_STANDARD"/>
    <property name="java.vm.specification.name" value="Java Virtual Machine Specification"/>
    <property name="user.dir" value="/home/jf/dev/github/prova"/>
    <property name="java.vm.compressedOopsMode" value="32-bit"/>
    <property name="java.runtime.version" value="9.0.4+11"/>
    <property name="java.awt.graphicsenv" value="sun.awt.X11GraphicsEnvironment"/>
    <property name="basedir" value="/home/jf/dev/github/prova"/>
    <property name="os.arch" value="amd64"/>
    <property name="java.io.tmpdir" value="/tmp"/>
    <property name="line.separator" value="
"/>
    <property name="java.vm.specification.vendor" value="Oracle Corporation"/>
    <property name="os.name" value="Linux"/>
    <property name="sun.jnu.encoding" value="UTF-8"/>
    <property name="java.library.path" value="/usr/java/packages/lib:/usr/lib64:/lib64:/lib:/usr/lib"/>
    <property name="jdk.debug" value="release"/>
    <property name="java.class.version" value="53.0"/>
    <property name="java.specification.name" value="Java Platform API Specification"/>
    <property name="sun.management.compiler" value="HotSpot 64-Bit Tiered Compilers"/>
    <property name="os.version" value="4.15.0-24-generic"/>
    <property name="user.home" value="/home/jf"/>
    <property name="user.timezone" value="Europe/Berlin"/>
    <property name="java.awt.printerjob" value="sun.print.PSPrinterJob"/>
    <property name="file.encoding" value="UTF-8"/>
    <property name="java.specification.version" value="9"/>
    <property name="user.name" value="jf"/>
    <property name="java.class.path" value="/tmp/surefirebooter8705276700627402141.jar"/>
    <property name="java.vm.specification.version" value="9"/>
    <property name="sun.arch.data.model" value="64"/>
    <property name="sun.java.command" value="/tmp/surefirebooter8705276700627402141.jar /tmp/surefire4404678109062634267tmp /tmp/surefire11023490551960774071tmp"/>
    <property name="java.home" value="/usr/lib/jvm/java-9-oracle"/>
    <property name="user.language" value="en"/>
    <property name="java.specification.vendor" value="Oracle Corporation"/>
    <property name="awt.toolkit" value="sun.awt.X11.XToolkit"/>
    <property name="java.vm.info" value="mixed mode"/>
    <property name="java.version" value="9.0.4"/>
    <property name="java.vendor" value="Oracle Corporation"/>
    <property name="localRepository" value="/home/jf/.m2/repository"/>
    <property name="file.separator" value="/"/>
    <property name="java.vendor.url.bug" value="http://bugreport.java.com/bugreport/"/>
    <property name="sun.io.unicode.encoding" value="UnicodeLittle"/>
    <property name="sun.cpu.endian" value="little"/>
    <property name="sun.desktop" value="gnome"/>
    <property name="sun.cpu.isalist" value=""/>
  </properties>
  <testcase classname="test.ws.prova.test2.ProvaBuiltins1Test" name="free" time="0.344"/>
  <testcase classname="test.ws.prova.test2.ProvaBuiltins1Test" name="map2" time="0.02"/>
  <testcase classname="test.ws.prova.test2.ProvaBuiltins1Test" name="list_ops" time="0.019"/>
  <testcase classname="test.ws.prova.test2.ProvaBuiltins1Test" name="map3" time="0.012"/>
  <testcase classname="test.ws.prova.test2.ProvaBuiltins1Test" name="map_in_head_literal" time="0.023"/>
  <testcase classname="test.ws.prova.test2.ProvaBuiltins1Test" name="map_with_list_with_unbound_variables" time="0.006"/>
  <testcase classname="test.ws.prova.test2.ProvaBuiltins1Test" name="map_merge" time="0.03"/>
  <testcase classname="test.ws.prova.test2.ProvaBuiltins1Test" name="map_merge2" time="0.022"/>
  <testcase classname="test.ws.prova.test2.ProvaBuiltins1Test" name="map_elements" time="0.017"/>
  <testcase classname="test.ws.prova.test2.ProvaBuiltins1Test" name="map_nested" time="0.012"/>
  <testcase classname="test.ws.prova.test2.ProvaBuiltins1Test" name="tokenize_list" time="0.039"/>
  <testcase classname="test.ws.prova.test2.ProvaBuiltins1Test" name="parse_list" time="0.009"/>
  <testcase classname="test.ws.prova.test2.ProvaBuiltins1Test" name="byte_stream_and_copy_stream" time="0.03"/>
  <testcase classname="test.ws.prova.test2.ProvaBuiltins1Test" name="read_enum" time="0.01"/>
  <testcase classname="test.ws.prova.test2.ProvaBuiltins1Test" name="tokenize_enum" time="0.013"/>
  <testcase classname="test.ws.prova.test2.ProvaBuiltins1Test" name="parse_nv" time="0.037"/>
  <testcase classname="test.ws.prova.test2.ProvaBuiltins1Test" name="capture_enum" time="0.007"/>
  <testcase classname="test.ws.prova.test2.ProvaBuiltins1Test" name="variables_as_args" time="0.011"/>
  <testcase classname="test.ws.prova.test2.ProvaBuiltins1Test" name="concat" time="0.006"/>
  <testcase classname="test.ws.prova.test2.ProvaBuiltins1Test" name="map" time="0.03"/>
  <testcase classname="test.ws.prova.test2.ProvaBuiltins1Test" name="unescape" time="0.008"/>
</testsuite>