<?xml version="1.0" encoding="UTF-8" ?>
<testsuite tests="17" failures="0" name="test.ws.prova.test2.ProvaMessagingTest" time="72.816" errors="0" skipped="0">
  <properties>
    <property name="java.runtime.name" value="Java(TM) SE Runtime Environment"/>
    <property name="java.vm.version" value="9.0.4+11"/>
    <property name="sun.boot.library.path" value="/usr/lib/jvm/java-9-oracle/lib"/>
    <property name="java.vm.vendor" value="Oracle Corporation"/>
    <property name="java.vendor.url" value="http://java.oracle.com/"/>
    <property name="path.separator" value=":"/>
    <property name="java.vm.name" value="Java HotSpot(TM) 64-Bit Server VM"/>
    <property name="file.encoding.pkg" value="sun.io"/>
    <property name="sun.os.patch.level" value="unknown"/>
    <property name="user.country" value="US"/>
    <property name="sun.java.launcher" value="SUN_STANDARD"/>
    <property name="java.vm.specification.name" value="Java Virtual Machine Specification"/>
    <property name="user.dir" value="/home/jf/dev/github/prova"/>
    <property name="java.vm.compressedOopsMode" value="32-bit"/>
    <property name="java.runtime.version" value="9.0.4+11"/>
    <property name="java.awt.graphicsenv" value="sun.awt.X11GraphicsEnvironment"/>
    <property name="basedir" value="/home/jf/dev/github/prova"/>
    <property name="os.arch" value="amd64"/>
    <property name="java.io.tmpdir" value="/tmp"/>
    <property name="line.separator" value="
"/>
    <property name="java.vm.specification.vendor" value="Oracle Corporation"/>
    <property name="os.name" value="Linux"/>
    <property name="sun.jnu.encoding" value="UTF-8"/>
    <property name="java.library.path" value="/usr/java/packages/lib:/usr/lib64:/lib64:/lib:/usr/lib"/>
    <property name="jdk.debug" value="release"/>
    <property name="java.class.version" value="53.0"/>
    <property name="java.specification.name" value="Java Platform API Specification"/>
    <property name="sun.management.compiler" value="HotSpot 64-Bit Tiered Compilers"/>
    <property name="os.version" value="4.15.0-24-generic"/>
    <property name="user.home" value="/home/jf"/>
    <property name="user.timezone" value="Europe/Berlin"/>
    <property name="java.awt.printerjob" value="sun.print.PSPrinterJob"/>
    <property name="file.encoding" value="UTF-8"/>
    <property name="java.specification.version" value="9"/>
    <property name="user.name" value="jf"/>
    <property name="java.class.path" value="/tmp/surefirebooter5616535349259330695.jar"/>
    <property name="java.vm.specification.version" value="9"/>
    <property name="sun.arch.data.model" value="64"/>
    <property name="sun.java.command" value="/tmp/surefirebooter5616535349259330695.jar /tmp/surefire11903581508468903818tmp /tmp/surefire5537756657731732731tmp"/>
    <property name="java.home" value="/usr/lib/jvm/java-9-oracle"/>
    <property name="user.language" value="en"/>
    <property name="java.specification.vendor" value="Oracle Corporation"/>
    <property name="awt.toolkit" value="sun.awt.X11.XToolkit"/>
    <property name="java.vm.info" value="mixed mode"/>
    <property name="java.version" value="9.0.4"/>
    <property name="java.vendor" value="Oracle Corporation"/>
    <property name="localRepository" value="/home/jf/.m2/repository"/>
    <property name="file.separator" value="/"/>
    <property name="java.vendor.url.bug" value="http://bugreport.java.com/bugreport/"/>
    <property name="sun.io.unicode.encoding" value="UnicodeLittle"/>
    <property name="sun.cpu.endian" value="little"/>
    <property name="sun.desktop" value="gnome"/>
    <property name="sun.cpu.isalist" value=""/>
  </properties>
  <testcase classname="test.ws.prova.test2.ProvaMessagingTest" name="complex_fipa_exchange" time="2.175"/>
  <testcase classname="test.ws.prova.test2.ProvaMessagingTest" name="simple_sendMsg_and_rcvMsg" time="1.02"/>
  <testcase classname="test.ws.prova.test2.ProvaMessagingTest" name="inline_rcvMsg" time="1.015"/>
  <testcase classname="test.ws.prova.test2.ProvaMessagingTest" name="inline_rcvMult" time="1.014"/>
  <testcase classname="test.ws.prova.test2.ProvaMessagingTest" name="inline_rcvMult_multithreaded" time="1.055"/>
  <testcase classname="test.ws.prova.test2.ProvaMessagingTest" name="inline_spawn_multithreaded" time="2.52"/>
  <testcase classname="test.ws.prova.test2.ProvaMessagingTest" name="inline_end_of_reaction" time="2.01"/>
  <testcase classname="test.ws.prova.test2.ProvaMessagingTest" name="correlated_reaction" time="2.02"/>
  <testcase classname="test.ws.prova.test2.ProvaMessagingTest" name="partitionedAndNonpartitionedThreadpools" time="2.028"/>
  <testcase classname="test.ws.prova.test2.ProvaMessagingTest" name="partitioned_reaction" time="1.025"/>
  <testcase classname="test.ws.prova.test2.ProvaMessagingTest" name="map_payload" time="1.021"/>
  <testcase classname="test.ws.prova.test2.ProvaMessagingTest" name="cycleEventProcessing" time="2.048"/>
  <testcase classname="test.ws.prova.test2.ProvaMessagingTest" name="interThreadMessaging" time="2.026"/>
  <testcase classname="test.ws.prova.test2.ProvaMessagingTest" name="ring" time="15.539"/>
  <testcase classname="test.ws.prova.test2.ProvaMessagingTest" name="ring2" time="15.356"/>
  <testcase classname="test.ws.prova.test2.ProvaMessagingTest" name="ring_parallel" time="20.624"/>
  <testcase classname="test.ws.prova.test2.ProvaMessagingTest" name="parallel_001" time="0.211"/>
</testsuite>