<?xml version="1.0" encoding="UTF-8" ?>
<testsuite tests="11" failures="0" name="test.ws.prova.test2.ProvaCommunicatorTest" time="1.644" errors="0" skipped="0">
  <properties>
    <property name="java.runtime.name" value="Java(TM) SE Runtime Environment"/>
    <property name="java.vm.version" value="9.0.4+11"/>
    <property name="sun.boot.library.path" value="/usr/lib/jvm/java-9-oracle/lib"/>
    <property name="java.vm.vendor" value="Oracle Corporation"/>
    <property name="java.vendor.url" value="http://java.oracle.com/"/>
    <property name="path.separator" value=":"/>
    <property name="java.vm.name" value="Java HotSpot(TM) 64-Bit Server VM"/>
    <property name="file.encoding.pkg" value="sun.io"/>
    <property name="sun.os.patch.level" value="unknown"/>
    <property name="user.country" value="US"/>
    <property name="sun.java.launcher" value="SUN_STANDARD"/>
    <property name="java.vm.specification.name" value="Java Virtual Machine Specification"/>
    <property name="user.dir" value="/home/jf/dev/github/prova"/>
    <property name="java.vm.compressedOopsMode" value="32-bit"/>
    <property name="java.runtime.version" value="9.0.4+11"/>
    <property name="java.awt.graphicsenv" value="sun.awt.X11GraphicsEnvironment"/>
    <property name="basedir" value="/home/jf/dev/github/prova"/>
    <property name="os.arch" value="amd64"/>
    <property name="java.io.tmpdir" value="/tmp"/>
    <property name="line.separator" value="
"/>
    <property name="java.vm.specification.vendor" value="Oracle Corporation"/>
    <property name="os.name" value="Linux"/>
    <property name="sun.jnu.encoding" value="UTF-8"/>
    <property name="java.library.path" value="/usr/java/packages/lib:/usr/lib64:/lib64:/lib:/usr/lib"/>
    <property name="jdk.debug" value="release"/>
    <property name="java.class.version" value="53.0"/>
    <property name="java.specification.name" value="Java Platform API Specification"/>
    <property name="sun.management.compiler" value="HotSpot 64-Bit Tiered Compilers"/>
    <property name="os.version" value="4.15.0-24-generic"/>
    <property name="user.home" value="/home/jf"/>
    <property name="user.timezone" value="Europe/Berlin"/>
    <property name="java.awt.printerjob" value="sun.print.PSPrinterJob"/>
    <property name="file.encoding" value="UTF-8"/>
    <property name="java.specification.version" value="9"/>
    <property name="user.name" value="jf"/>
    <property name="java.class.path" value="/tmp/surefirebooter3988159477691961140.jar"/>
    <property name="java.vm.specification.version" value="9"/>
    <property name="sun.arch.data.model" value="64"/>
    <property name="sun.java.command" value="/tmp/surefirebooter3988159477691961140.jar /tmp/surefire14592503096285859002tmp /tmp/surefire6426281038539334111tmp"/>
    <property name="java.home" value="/usr/lib/jvm/java-9-oracle"/>
    <property name="user.language" value="en"/>
    <property name="java.specification.vendor" value="Oracle Corporation"/>
    <property name="awt.toolkit" value="sun.awt.X11.XToolkit"/>
    <property name="java.vm.info" value="mixed mode"/>
    <property name="java.version" value="9.0.4"/>
    <property name="java.vendor" value="Oracle Corporation"/>
    <property name="localRepository" value="/home/jf/.m2/repository"/>
    <property name="file.separator" value="/"/>
    <property name="java.vendor.url.bug" value="http://bugreport.java.com/bugreport/"/>
    <property name="sun.io.unicode.encoding" value="UnicodeLittle"/>
    <property name="sun.cpu.endian" value="little"/>
    <property name="sun.desktop" value="gnome"/>
    <property name="sun.cpu.isalist" value=""/>
  </properties>
  <testcase classname="test.ws.prova.test2.ProvaCommunicatorTest" name="initialization_from_nowhere" time="0.319"/>
  <testcase classname="test.ws.prova.test2.ProvaCommunicatorTest" name="initialization_with_parsing_errors" time="0.031"/>
  <testcase classname="test.ws.prova.test2.ProvaCommunicatorTest" name="initialization_with_rulebase_errors" time="0.029"/>
  <testcase classname="test.ws.prova.test2.ProvaCommunicatorTest" name="sync_consult_from_string" time="0.013"/>
  <testcase classname="test.ws.prova.test2.ProvaCommunicatorTest" name="sync_consult_with_facts" time="0.024"/>
  <testcase classname="test.ws.prova.test2.ProvaCommunicatorTest" name="sync_consult_with_facts_and_java_parameters" time="0.008"/>
  <testcase classname="test.ws.prova.test2.ProvaCommunicatorTest" name="sync_consult_with_separate_rules" time="0.025"/>
  <testcase classname="test.ws.prova.test2.ProvaCommunicatorTest" name="sync_unconsult" time="0.017"/>
  <testcase classname="test.ws.prova.test2.ProvaCommunicatorTest" name="sync_consult_from_string_with_parsing_exceptions" time="0.013"/>
  <testcase classname="test.ws.prova.test2.ProvaCommunicatorTest" name="sync_consult_from_file" time="0.014"/>
  <testcase classname="test.ws.prova.test2.ProvaCommunicatorTest" name="send_msg_to_rulebase" time="1.069"/>
</testsuite>